This is pdfTeX, Version 3.14159265-2.6-1.40.15 (TeX Live 2014) (preloaded format=pdflatex 2014.5.25)  6 DEC 2014 19:03
entering extended mode
 restricted \write18 enabled.
 file:line:error style messages enabled.
 %&-line parsing enabled.
**README.tex
(./README.tex
LaTeX2e <2014/05/01>
Babel <3.9k> and hyphenation patterns for 78 languages loaded.
(/usr/local/texlive/2014/texmf-dist/tex/latex/base/letter.cls
Document Class: letter 1999/04/29 v1.2z Standard LaTeX document class
(/usr/local/texlive/2014/texmf-dist/tex/latex/base/size10.clo
File: size10.clo 2007/10/19 v1.4h Standard LaTeX file (size option)
)
\longindentation=\dimen102
\indentedwidth=\dimen103
\labelcount=\count79
)
(/usr/local/texlive/2014/texmf-dist/tex/latex/amsmath/amsmath.sty
Package: amsmath 2013/01/14 v2.14 AMS math features
\@mathmargin=\skip41

For additional information on amsmath, use the `?' option.
(/usr/local/texlive/2014/texmf-dist/tex/latex/amsmath/amstext.sty
Package: amstext 2000/06/29 v2.01

(/usr/local/texlive/2014/texmf-dist/tex/latex/amsmath/amsgen.sty
File: amsgen.sty 1999/11/30 v2.0
\@emptytoks=\toks14
\ex@=\dimen104
))
(/usr/local/texlive/2014/texmf-dist/tex/latex/amsmath/amsbsy.sty
Package: amsbsy 1999/11/29 v1.2d
\pmbraise@=\dimen105
)
(/usr/local/texlive/2014/texmf-dist/tex/latex/amsmath/amsopn.sty
Package: amsopn 1999/12/14 v2.01 operator names
)
\inf@bad=\count80
LaTeX Info: Redefining \frac on input line 210.
\uproot@=\count81
\leftroot@=\count82
LaTeX Info: Redefining \overline on input line 306.
\classnum@=\count83
\DOTSCASE@=\count84
LaTeX Info: Redefining \ldots on input line 378.
LaTeX Info: Redefining \dots on input line 381.
LaTeX Info: Redefining \cdots on input line 466.
\Mathstrutbox@=\box26
\strutbox@=\box27
\big@size=\dimen106
LaTeX Font Info:    Redeclaring font encoding OML on input line 566.
LaTeX Font Info:    Redeclaring font encoding OMS on input line 567.
\macc@depth=\count85
\c@MaxMatrixCols=\count86
\dotsspace@=\muskip10
\c@parentequation=\count87
\dspbrk@lvl=\count88
\tag@help=\toks15
\row@=\count89
\column@=\count90
\maxfields@=\count91
\andhelp@=\toks16
\eqnshift@=\dimen107
\alignsep@=\dimen108
\tagshift@=\dimen109
\tagwidth@=\dimen110
\totwidth@=\dimen111
\lineht@=\dimen112
\@envbody=\toks17
\multlinegap=\skip42
\multlinetaggap=\skip43
\mathdisplay@stack=\toks18
LaTeX Info: Redefining \[ on input line 2665.
LaTeX Info: Redefining \] on input line 2666.
)
(./README.aux)
\openout1 = `README.aux'.

LaTeX Font Info:    Checking defaults for OML/cmm/m/it on input line 5.
LaTeX Font Info:    ... okay on input line 5.
LaTeX Font Info:    Checking defaults for T1/cmr/m/n on input line 5.
LaTeX Font Info:    ... okay on input line 5.
LaTeX Font Info:    Checking defaults for OT1/cmr/m/n on input line 5.
LaTeX Font Info:    ... okay on input line 5.
LaTeX Font Info:    Checking defaults for OMS/cmsy/m/n on input line 5.
LaTeX Font Info:    ... okay on input line 5.
LaTeX Font Info:    Checking defaults for OMX/cmex/m/n on input line 5.
LaTeX Font Info:    ... okay on input line 5.
LaTeX Font Info:    Checking defaults for U/cmr/m/n on input line 5.
LaTeX Font Info:    ... okay on input line 5.
 [1

{/usr/local/texlive/2014/texmf-var/fonts/map/pdftex/updmap/pdftex.map}]
Overfull \hbox (30.55273pt too wide) in paragraph at lines 39--40
[]\OT1/cmr/m/n/10 Now the $\OML/cmm/m/it/10 ^^^$\OT1/cmr/m/n/10 -coordinate of 
this di-rec-tion is 0, but the $\OML/cmm/m/it/10 ^^R$\OT1/cmr/m/n/10 -coordinat
e is $\OML/cmm/m/it/10 tan[]\OT1/cmr/m/n/10 1(1\OML/cmm/m/it/10 :\OT1/cmr/m/n/1
0 419\OML/cmm/m/it/10 =\OT1/cmr/m/n/10 (\OMS/cmsy/m/n/10 ^^@\OT1/cmr/m/n/10 1))
 =
 []


Overfull \hbox (9.40323pt too wide) in paragraph at lines 47--48
[]\OT1/cmr/m/n/10 Therefore, the win-dow can be placed any-where in the in-ter-
vals $\OML/cmm/m/it/10 ^^^ \OT1/cmr/m/n/10 = (0\OML/cmm/m/it/10 :\OT1/cmr/m/n/1
0 3528\OML/cmm/m/it/10 ; \OT1/cmr/m/n/10 0\OML/cmm/m/it/10 :\OT1/cmr/m/n/10 647
2)$
 []

[2] (./README.aux) ) 
Here is how much of TeX's memory you used:
 744 strings out of 493117
 8285 string characters out of 6135433
 66783 words of memory out of 5000000
 4275 multiletter control sequences out of 15000+600000
 4094 words of font info for 16 fonts, out of 8000000 for 9000
 1141 hyphenation exceptions out of 8191
 27i,10n,20p,599b,126s stack positions out of 5000i,500n,10000p,200000b,80000s
</usr/local/texlive/2014/texmf-dist/fonts/type1/public/amsf
onts/cm/cmex10.pfb></usr/local/texlive/2014/texmf-dist/fonts/type1/public/amsfo
nts/cm/cmmi10.pfb></usr/local/texlive/2014/texmf-dist/fonts/type1/public/amsfon
ts/cm/cmmi7.pfb></usr/local/texlive/2014/texmf-dist/fonts/type1/public/amsfonts
/cm/cmr10.pfb></usr/local/texlive/2014/texmf-dist/fonts/type1/public/amsfonts/c
m/cmr7.pfb></usr/local/texlive/2014/texmf-dist/fonts/type1/public/amsfonts/cm/c
msy10.pfb></usr/local/texlive/2014/texmf-dist/fonts/type1/public/amsfonts/cm/cm
sy7.pfb>
Output written on README.pdf (2 pages, 71769 bytes).
PDF statistics:
 39 PDF objects out of 1000 (max. 8388607)
 27 compressed objects within 1 object stream
 0 named destinations out of 1000 (max. 500000)
 1 words of extra memory for PDF output out of 10000 (max. 10000000)

